app/build/intermediates/proguard-rules/paid/release/aapt_rules.txt
# Referenced at merged_manifests/paidRelease/AndroidManifest.xml:18
-keep class com.kiran.addition.MainActivity { <init>(); }